<?xml version="1.0" encoding="UTF-8"?>
<testng-results skipped="0" failed="0" ignored="0" total="0" passed="0">
  <reporter-output>
  </reporter-output>
  <suite name="Mavenintergation.gitjenkins.AppTest" duration-ms="8" started-at="2018-12-21T15:38:02Z" finished-at="2018-12-21T15:38:02Z">
    <groups>
    </groups>
    <test name="Command line test" duration-ms="8" started-at="2018-12-21T15:38:02Z" finished-at="2018-12-21T15:38:02Z">
    </test> <!-- Command line test -->
  </suite> <!-- Mavenintergation.gitjenkins.AppTest -->
</testng-results>
