<?xml version="1.0" encoding="UTF-8"?>
<testng-results skipped="0" failed="0" ignored="0" total="1" passed="1">
  <reporter-output>
  </reporter-output>
  <suite name="Surefire suite" duration-ms="32" started-at="2018-12-26T08:06:15Z" finished-at="2018-12-26T08:06:15Z">
    <groups>
    </groups>
    <test name="Surefire test" duration-ms="32" started-at="2018-12-26T08:06:15Z" finished-at="2018-12-26T08:06:15Z">
      <class name="Mavenintergation.gitjenkins.AppTest">
        <test-method status="PASS" signature="testApp()[pri:0, instance:testApp(Mavenintergation.gitjenkins.AppTest)]" name="testApp" duration-ms="7" started-at="2018-12-26T08:06:15Z" finished-at="2018-12-26T08:06:15Z">
          <reporter-output>
          </reporter-output>
        </test-method> <!-- testApp -->
      </class> <!-- Mavenintergation.gitjenkins.AppTest -->
    </test> <!-- Surefire test -->
  </suite> <!-- Surefire suite -->
</testng-results>
