<?xml version="1.0" encoding="UTF-8"?>
<testng-results skipped="0" failed="0" ignored="0" total="1" passed="1">
  <reporter-output>
  </reporter-output>
  <suite name="Default suite" duration-ms="15007" started-at="2018-12-21T15:43:09Z" finished-at="2018-12-21T15:43:24Z">
    <groups>
    </groups>
    <test name="Default test" duration-ms="15007" started-at="2018-12-21T15:43:09Z" finished-at="2018-12-21T15:43:24Z">
      <class name="Socialmedia.FB1">
        <test-method status="PASS" signature="face()[pri:0, instance:Socialmedia.FB1@523884b2]" name="face" duration-ms="14969" started-at="2018-12-21T21:13:09Z" finished-at="2018-12-21T21:13:24Z">
          <reporter-output>
          </reporter-output>
        </test-method> <!-- face -->
      </class> <!-- Socialmedia.FB1 -->
    </test> <!-- Default test -->
  </suite> <!-- Default suite -->
</testng-results>
